<?xml version="1.0" encoding="UTF-8"?>
<!-- Generated by org.testng.reporters.JUnitReportReporter -->
<testsuite skipped="2" hostname="W-MSK80-VDIVAKN" name="ru.raiffeisen.training.AppTest" tests="3" failures="0" timestamp="21 ноя 2018 06:36:31 GMT" time="0.017" errors="0">
  <testcase name="testCase01" time="0.017" classname="ru.raiffeisen.training.AppTest"/>
  <testcase name="testCase03" classname="ru.raiffeisen.training.AppTest">
    <skipped/>
  </testcase> <!-- testCase03 -->
  <testcase name="testCase02" classname="ru.raiffeisen.training.AppTest">
    <skipped/>
  </testcase> <!-- testCase02 -->
</testsuite> <!-- ru.raiffeisen.training.AppTest -->
